Determining if the pthread_create exist failed with the following output:
Change Dir: /home/shrawani/Desktop/Medical-Project/CPP_MiniProject/Medical/CMakeFiles/CMakeTmp

Run Build Command:"/usr/bin/make" "cmTC_afb70/fast"
/usr/bin/make -f CMakeFiles/cmTC_afb70.dir/build.make CMakeFiles/cmTC_afb70.dir/build
make[1]: Entering directory '/home/shrawani/Desktop/Medical-Project/CPP_MiniProject/Medical/CMakeFiles/CMakeTmp'
Building C object CMakeFiles/cmTC_afb70.dir/CheckSymbolExists.c.o
/usr/bin/cc     -o CMakeFiles/cmTC_afb70.dir/CheckSymbolExists.c.o   -c /home/shrawani/Desktop/Medical-Project/CPP_MiniProject/Medical/CMakeFiles/CMakeTmp/CheckSymbolExists.c
Linking C executable cmTC_afb70
/usr/bin/cmake -E cmake_link_script CMakeFiles/cmTC_afb70.dir/link.txt --verbose=1
/usr/bin/cc       CMakeFiles/cmTC_afb70.dir/CheckSymbolExists.c.o  -o cmTC_afb70 -rdynamic 
CMakeFiles/cmTC_afb70.dir/CheckSymbolExists.c.o: In function `main':
CheckSymbolExists.c:(.text+0x16): undefined reference to `pthread_create'
collect2: error: ld returned 1 exit status
CMakeFiles/cmTC_afb70.dir/build.make:97: recipe for target 'cmTC_afb70' failed
make[1]: *** [cmTC_afb70] Error 1
make[1]: Leaving directory '/home/shrawani/Desktop/Medical-Project/CPP_MiniProject/Medical/CMakeFiles/CMakeTmp'
Makefile:126: recipe for target 'cmTC_afb70/fast' failed
make: *** [cmTC_afb70/fast] Error 2

File /home/shrawani/Desktop/Medical-Project/CPP_MiniProject/Medical/CMakeFiles/CMakeTmp/CheckSymbolExists.c:
/* */
#include <pthread.h>

int main(int argc, char** argv)
{
  (void)argv;
#ifndef pthread_create
  return ((int*)(&pthread_create))[argc];
#else
  (void)argc;
  return 0;
#endif
}

Determining if the function pthread_create exists in the pthreads failed with the following output:
Change Dir: /home/shrawani/Desktop/Medical-Project/CPP_MiniProject/Medical/CMakeFiles/CMakeTmp

Run Build Command:"/usr/bin/make" "cmTC_85456/fast"
/usr/bin/make -f CMakeFiles/cmTC_85456.dir/build.make CMakeFiles/cmTC_85456.dir/build
make[1]: Entering directory '/home/shrawani/Desktop/Medical-Project/CPP_MiniProject/Medical/CMakeFiles/CMakeTmp'
Building C object CMakeFiles/cmTC_85456.dir/CheckFunctionExists.c.o
/usr/bin/cc    -DCHECK_FUNCTION_EXISTS=pthread_create   -o CMakeFiles/cmTC_85456.dir/CheckFunctionExists.c.o   -c /usr/share/cmake-3.5/Modules/CheckFunctionExists.c
Linking C executable cmTC_85456
/usr/bin/cmake -E cmake_link_script CMakeFiles/cmTC_85456.dir/link.txt --verbose=1
/usr/bin/cc   -DCHECK_FUNCTION_EXISTS=pthread_create    CMakeFiles/cmTC_85456.dir/CheckFunctionExists.c.o  -o cmTC_85456 -rdynamic -lpthreads 
/usr/bin/ld: cannot find -lpthreads
collect2: error: ld returned 1 exit status
CMakeFiles/cmTC_85456.dir/build.make:97: recipe for target 'cmTC_85456' failed
make[1]: *** [cmTC_85456] Error 1
make[1]: Leaving directory '/home/shrawani/Desktop/Medical-Project/CPP_MiniProject/Medical/CMakeFiles/CMakeTmp'
Makefile:126: recipe for target 'cmTC_85456/fast' failed
make: *** [cmTC_85456/fast] Error 2


